0 info it worked if it ends with ok
1 verbose cli [ '/usr/local/bin/node',
1 verbose cli   '/Users/ryanjohnson/.npm-global/bin/npm',
1 verbose cli   'run',
1 verbose cli   'watch' ]
2 info using npm@3.10.5
3 info using node@v7.8.0
4 verbose stack Error: missing script: watch
4 verbose stack     at run (/Users/ryanjohnson/.npm-global/lib/node_modules/npm/lib/run-script.js:151:19)
4 verbose stack     at /Users/ryanjohnson/.npm-global/lib/node_modules/npm/lib/run-script.js:61:5
4 verbose stack     at /Users/ryanjohnson/.npm-global/lib/node_modules/npm/node_modules/read-package-json/read-json.js:356:5
4 verbose stack     at checkBinReferences_ (/Users/ryanjohnson/.npm-global/lib/node_modules/npm/node_modules/read-package-json/read-json.js:320:45)
4 verbose stack     at final (/Users/ryanjohnson/.npm-global/lib/node_modules/npm/node_modules/read-package-json/read-json.js:354:3)
4 verbose stack     at then (/Users/ryanjohnson/.npm-global/lib/node_modules/npm/node_modules/read-package-json/read-json.js:124:5)
4 verbose stack     at /Users/ryanjohnson/.npm-global/lib/node_modules/npm/node_modules/read-package-json/read-json.js:311:12
4 verbose stack     at /Users/ryanjohnson/.npm-global/lib/node_modules/npm/node_modules/graceful-fs/graceful-fs.js:78:16
4 verbose stack     at tryToString (fs.js:449:3)
4 verbose stack     at FSReqWrap.readFileAfterClose [as oncomplete] (fs.js:436:12)
5 verbose cwd /Users/ryanjohnson/projects/Discover-The-Music-Heroku
6 error Darwin 16.0.0
7 error argv "/usr/local/bin/node" "/Users/ryanjohnson/.npm-global/bin/npm" "run" "watch"
8 error node v7.8.0
9 error npm  v3.10.5
10 error missing script: watch
11 error If you need help, you may report this error at:
11 error     <https://github.com/npm/npm/issues>
12 verbose exit [ 1, true ]
